N E X T F L O W  ~  version 21.04.3
Launching `andersenlab/nemascan` [distraught_ride] - revision: 27752db7b565ec2e14fb24e2f69c9cf58fcfba51
WARN: DSL 2 PREVIEW MODE IS DEPRECATED - USE THE STABLE VERSION INSTEAD -- Read more at https://www.nextflow.io/docs/latest/dsl2.html#dsl2-migration-notes

O~~~     O~~                                   O~~ ~~
O~ O~~   O~~                                 O~~    O~~
O~~ O~~  O~~   O~~    O~~~ O~~ O~~    O~~     O~~         O~~~   O~~    O~~ O~~
O~~  O~~ O~~ O~   O~~  O~~  O~  O~~ O~~  O~~    O~~     O~~    O~~  O~~  O~~  O~~
O~~   O~ O~~O~~~~~ O~~ O~~  O~  O~~O~~   O~~       O~~ O~~    O~~   O~~  O~~  O~~
O~~    O~ ~~O~         O~~  O~  O~~O~~   O~~ O~~    O~~ O~~   O~~   O~~  O~~  O~~
O~~      O~~  O~~~~   O~~~  O~  O~~  O~~ O~~~  O~~ ~~     O~~~  O~~ O~~~O~~~  O~~


Trait File                              = brig.tsv
WARN: Access to undefined parameter `strains` -- Initialise it to a default value eg. `params.strains = some_value`
Strain File                             = null
Species                                 = c_briggsae

VCF                                     = 20210803
Impute VCF                              = WI.20210803.impute.isotype.vcf.gz
Annotation type                         = bcsq

Significance Threshold                  = BF
Result Directory                        = Analysis_Results-20211219
Minor allele frequency                  = 0.05
Mediation run?                          = false

[-        ] process > fix_strain_names_bulk  -
[-        ] process > vcf_to_geno_matrix     -
[-        ] process > chrom_eigen_variants   -
[-        ] process > collect_eigen_variants -

[-        ] process > fix_strain_names_bulk  -
[-        ] process > vcf_to_geno_matrix     -
[-        ] process > chrom_eigen_variants   -
[-        ] process > collect_eigen_variants -
[-        ] process > prepare_gcta_files     -
[-        ] process > gcta_grm               -
[-        ] process > gcta_lmm_exact_mapping -
[-        ] process > gcta_intervals_maps    -
[-        ] process > generate_plots         -
[-        ] process > LD_between_regions     -
[-        ] process > summarize_mapping      -
[-        ] process > prep_ld_files          -
[-        ] process > gcta_fine_maps         -
[-        ] process > html_report_main       -

[-        ] process > fix_strain_names_bulk  [  0%] 0 of 1
[-        ] process > vcf_to_geno_matrix     -
[-        ] process > chrom_eigen_variants   -
[-        ] process > collect_eigen_variants -
[-        ] process > prepare_gcta_files     -
[-        ] process > gcta_grm               -
[-        ] process > gcta_lmm_exact_mapping -
[-        ] process > gcta_intervals_maps    -
[-        ] process > generate_plots         -
[-        ] process > LD_between_regions     -
[-        ] process > summarize_mapping      -
[-        ] process > prep_ld_files          -
[-        ] process > gcta_fine_maps         -
[-        ] process > html_report_main       -

executor >  slurm (1)
[d6/1312c0] process > fix_strain_names_bulk (BULK TRAIT) [  0%] 0 of 1
[-        ] process > vcf_to_geno_matrix                 -
[-        ] process > chrom_eigen_variants               -
[-        ] process > collect_eigen_variants             -
[-        ] process > prepare_gcta_files                 -
[-        ] process > gcta_grm                           -
[-        ] process > gcta_lmm_exact_mapping             -
[-        ] process > gcta_intervals_maps                -
[-        ] process > generate_plots                     -
[-        ] process > LD_between_regions                 -
[-        ] process > summarize_mapping                  -
[-        ] process > prep_ld_files                      -
[-        ] process > gcta_fine_maps                     -
[-        ] process > html_report_main                   -

executor >  slurm (1)
[d6/1312c0] process > fix_strain_names_bulk (BULK TRAIT) [  0%] 0 of 1
[-        ] process > vcf_to_geno_matrix                 -
[-        ] process > chrom_eigen_variants               -
[-        ] process > collect_eigen_variants             -
[-        ] process > prepare_gcta_files                 -
[-        ] process > gcta_grm                           -
[-        ] process > gcta_lmm_exact_mapping             -
[-        ] process > gcta_intervals_maps                -
[-        ] process > generate_plots                     -
[-        ] process > LD_between_regions                 -
[-        ] process > summarize_mapping                  -
[-        ] process > prep_ld_files                      -
[-        ] process > gcta_fine_maps                     -
[-        ] process > html_report_main                   -

executor >  slurm (1)
[d6/1312c0] process > fix_strain_names_bulk (BULK TRAIT) [100%] 1 of 1 ✔
[-        ] process > vcf_to_geno_matrix                 -
[-        ] process > chrom_eigen_variants               -
[-        ] process > collect_eigen_variants             -
[-        ] process > prepare_gcta_files                 -
[-        ] process > gcta_grm                           -
[-        ] process > gcta_lmm_exact_mapping             -
[-        ] process > gcta_intervals_maps                -
[-        ] process > generate_plots                     -
[-        ] process > LD_between_regions                 -
[-        ] process > summarize_mapping                  -
[-        ] process > prep_ld_files                      -
[-        ] process > gcta_fine_maps                     -
[-        ] process > html_report_main                   -

executor >  slurm (1)
[d6/1312c0] process > fix_strain_names_bulk (BULK TRAIT) [100%] 1 of 1 ✔
[-        ] process > vcf_to_geno_matrix                 [  0%] 0 of 1
[-        ] process > chrom_eigen_variants               -
[-        ] process > collect_eigen_variants             -
[-        ] process > prepare_gcta_files                 [  0%] 0 of 1
[-        ] process > gcta_grm                           -
[-        ] process > gcta_lmm_exact_mapping             -
[-        ] process > gcta_intervals_maps                -
[-        ] process > generate_plots                     -
[-        ] process > LD_between_regions                 -
[-        ] process > summarize_mapping                  -
[-        ] process > prep_ld_files                      -
[-        ] process > gcta_fine_maps                     -
[-        ] process > html_report_main                   -

executor >  slurm (3)
[d6/1312c0] process > fix_strain_names_bulk (BULK TRAIT) [100%] 1 of 1 ✔
[d6/2bb989] process > vcf_to_geno_matrix (1)             [  0%] 0 of 1
[-        ] process > chrom_eigen_variants               -
[-        ] process > collect_eigen_variants             -
[b6/a87fe5] process > prepare_gcta_files (1)             [  0%] 0 of 1
[-        ] process > gcta_grm                           -
[-        ] process > gcta_lmm_exact_mapping             -
[-        ] process > gcta_intervals_maps                -
[-        ] process > generate_plots                     -
[-        ] process > LD_between_regions                 -
[-        ] process > summarize_mapping                  -
[-        ] process > prep_ld_files                      -
[-        ] process > gcta_fine_maps                     -
[-        ] process > html_report_main                   -

executor >  slurm (3)
[d6/1312c0] process > fix_strain_names_bulk (BULK TRAIT) [100%] 1 of 1 ✔
[d6/2bb989] process > vcf_to_geno_matrix (1)             [  0%] 0 of 1
[-        ] process > chrom_eigen_variants               -
[-        ] process > collect_eigen_variants             -
[b6/a87fe5] process > prepare_gcta_files (1)             [  0%] 0 of 1
[-        ] process > gcta_grm                           -
[-        ] process > gcta_lmm_exact_mapping             -
[-        ] process > gcta_intervals_maps                -
[-        ] process > generate_plots                     -
[-        ] process > LD_between_regions                 -
[-        ] process > summarize_mapping                  -
[-        ] process > prep_ld_files                      -
[-        ] process > gcta_fine_maps                     -
[-        ] process > html_report_main                   -

executor >  slurm (3)
[d6/1312c0] process > fix_strain_names_bulk (BULK TRAIT) [100%] 1 of 1 ✔
[d6/2bb989] process > vcf_to_geno_matrix (1)             [  0%] 0 of 1
[-        ] process > chrom_eigen_variants               -
[-        ] process > collect_eigen_variants             -
[b6/a87fe5] process > prepare_gcta_files (1)             [100%] 1 of 1 ✔
[-        ] process > gcta_grm                           -
[-        ] process > gcta_lmm_exact_mapping             -
[-        ] process > gcta_intervals_maps                -
[-        ] process > generate_plots                     -
[-        ] process > LD_between_regions                 -
[-        ] process > summarize_mapping                  -
[-        ] process > prep_ld_files                      -
[-        ] process > gcta_fine_maps                     -
[-        ] process > html_report_main                   -

executor >  slurm (3)
[d6/1312c0] process > fix_strain_names_bulk (BULK TRAIT) [100%] 1 of 1 ✔
[d6/2bb989] process > vcf_to_geno_matrix (1)             [  0%] 0 of 1
[-        ] process > chrom_eigen_variants               -
[-        ] process > collect_eigen_variants             -
[b6/a87fe5] process > prepare_gcta_files (1)             [100%] 1 of 1 ✔
[-        ] process > gcta_grm                           [  0%] 0 of 1
[-        ] process > gcta_lmm_exact_mapping             -
[-        ] process > gcta_intervals_maps                -
[-        ] process > generate_plots                     -
[-        ] process > LD_between_regions                 -
[-        ] process > summarize_mapping                  -
[-        ] process > prep_ld_files                      -
[-        ] process > gcta_fine_maps                     -
[-        ] process > html_report_main                   -

executor >  slurm (4)
[d6/1312c0] process > fix_strain_names_bulk (BULK TRAIT) [100%] 1 of 1 ✔
[d6/2bb989] process > vcf_to_geno_matrix (1)             [  0%] 0 of 1
[-        ] process > chrom_eigen_variants               -
[-        ] process > collect_eigen_variants             -
[b6/a87fe5] process > prepare_gcta_files (1)             [100%] 1 of 1 ✔
[ea/37c364] process > gcta_grm (1)                       [  0%] 0 of 1
[-        ] process > gcta_lmm_exact_mapping             -
[-        ] process > gcta_intervals_maps                -
[-        ] process > generate_plots                     -
[-        ] process > LD_between_regions                 -
[-        ] process > summarize_mapping                  -
[-        ] process > prep_ld_files                      -
[-        ] process > gcta_fine_maps                     -
[-        ] process > html_report_main                   -

executor >  slurm (4)
[d6/1312c0] process > fix_strain_names_bulk (BULK TRAIT) [100%] 1 of 1 ✔
[d6/2bb989] process > vcf_to_geno_matrix (1)             [  0%] 0 of 1
[-        ] process > chrom_eigen_variants               -
[-        ] process > collect_eigen_variants             -
[b6/a87fe5] process > prepare_gcta_files (1)             [100%] 1 of 1 ✔
[ea/37c364] process > gcta_grm (1)                       [  0%] 0 of 1
[-        ] process > gcta_lmm_exact_mapping             -
[-        ] process > gcta_intervals_maps                -
[-        ] process > generate_plots                     -
[-        ] process > LD_between_regions                 -
[-        ] process > summarize_mapping                  -
[-        ] process > prep_ld_files                      -
[-        ] process > gcta_fine_maps                     -
[-        ] process > html_report_main                   -

executor >  slurm (4)
[d6/1312c0] process > fix_strain_names_bulk (BULK TRAIT) [100%] 1 of 1 ✔
[d6/2bb989] process > vcf_to_geno_matrix (1)             [  0%] 0 of 1
[-        ] process > chrom_eigen_variants               -
[-        ] process > collect_eigen_variants             -
[b6/a87fe5] process > prepare_gcta_files (1)             [100%] 1 of 1 ✔
[ea/37c364] process > gcta_grm (1)                       [  0%] 0 of 1 ✔
[-        ] process > gcta_lmm_exact_mapping             -
[-        ] process > gcta_intervals_maps                -
[-        ] process > generate_plots                     -
[-        ] process > LD_between_regions                 -
[-        ] process > summarize_mapping                  -
[-        ] process > prep_ld_files                      -
[-        ] process > gcta_fine_maps                     -
[-        ] process > html_report_main                   -

executor >  slurm (4)
[d6/1312c0] process > fix_strain_names_bulk (BULK TRAIT) [100%] 1 of 1 ✔
[d6/2bb989] process > vcf_to_geno_matrix (1)             [  0%] 0 of 1
[-        ] process > chrom_eigen_variants               -
[-        ] process > collect_eigen_variants             -
[b6/a87fe5] process > prepare_gcta_files (1)             [100%] 1 of 1 ✔
[ea/37c364] process > gcta_grm (1)                       [100%] 1 of 1 ✔
[-        ] process > gcta_lmm_exact_mapping             -
[-        ] process > gcta_intervals_maps                -
[-        ] process > generate_plots                     -
[-        ] process > LD_between_regions                 -
[-        ] process > summarize_mapping                  -
[-        ] process > prep_ld_files                      -
[-        ] process > gcta_fine_maps                     -
[-        ] process > html_report_main                   -

executor >  slurm (5)
[d6/1312c0] process > fix_strain_names_bulk (BULK TRAIT) [100%] 1 of 1 ✔
[d6/2bb989] process > vcf_to_geno_matrix (1)             [  0%] 0 of 1
[-        ] process > chrom_eigen_variants               -
[-        ] process > collect_eigen_variants             -
[b6/a87fe5] process > prepare_gcta_files (1)             [100%] 1 of 1 ✔
[ea/37c364] process > gcta_grm (1)                       [100%] 1 of 1 ✔
[ae/c4bac5] process > gcta_lmm_exact_mapping (1)         [  0%] 0 of 1
[-        ] process > gcta_intervals_maps                -
[-        ] process > generate_plots                     -
[-        ] process > LD_between_regions                 -
[-        ] process > summarize_mapping                  -
[-        ] process > prep_ld_files                      -
[-        ] process > gcta_fine_maps                     -
[-        ] process > html_report_main                   -

executor >  slurm (5)
[d6/1312c0] process > fix_strain_names_bulk (BULK TRAIT) [100%] 1 of 1 ✔
[d6/2bb989] process > vcf_to_geno_matrix (1)             [  0%] 0 of 1
[-        ] process > chrom_eigen_variants               -
[-        ] process > collect_eigen_variants             -
[b6/a87fe5] process > prepare_gcta_files (1)             [100%] 1 of 1 ✔
[ea/37c364] process > gcta_grm (1)                       [100%] 1 of 1 ✔
[ae/c4bac5] process > gcta_lmm_exact_mapping (1)         [  0%] 0 of 1
[-        ] process > gcta_intervals_maps                -
[-        ] process > generate_plots                     -
[-        ] process > LD_between_regions                 -
[-        ] process > summarize_mapping                  -
[-        ] process > prep_ld_files                      -
[-        ] process > gcta_fine_maps                     -
[-        ] process > html_report_main                   -

executor >  slurm (5)
[d6/1312c0] process > fix_strain_names_bulk (BULK TRAIT) [100%] 1 of 1 ✔
[d6/2bb989] process > vcf_to_geno_matrix (1)             [  0%] 0 of 1
[-        ] process > chrom_eigen_variants               -
[-        ] process > collect_eigen_variants             -
[b6/a87fe5] process > prepare_gcta_files (1)             [100%] 1 of 1 ✔
[ea/37c364] process > gcta_grm (1)                       [100%] 1 of 1 ✔
[ae/c4bac5] process > gcta_lmm_exact_mapping (1)         [100%] 1 of 1 ✔
[-        ] process > gcta_intervals_maps                -
[-        ] process > generate_plots                     -
[-        ] process > LD_between_regions                 -
[-        ] process > summarize_mapping                  -
[-        ] process > prep_ld_files                      -
[-        ] process > gcta_fine_maps                     -
[-        ] process > html_report_main                   -

executor >  slurm (5)
[d6/1312c0] process > fix_strain_names_bulk (BULK TRAIT) [100%] 1 of 1 ✔
[d6/2bb989] process > vcf_to_geno_matrix (1)             [100%] 1 of 1 ✔
[-        ] process > chrom_eigen_variants               -
[-        ] process > collect_eigen_variants             -
[b6/a87fe5] process > prepare_gcta_files (1)             [100%] 1 of 1 ✔
[ea/37c364] process > gcta_grm (1)                       [100%] 1 of 1 ✔
[ae/c4bac5] process > gcta_lmm_exact_mapping (1)         [100%] 1 of 1 ✔
[-        ] process > gcta_intervals_maps                -
[-        ] process > generate_plots                     -
[-        ] process > LD_between_regions                 -
[-        ] process > summarize_mapping                  -
[-        ] process > prep_ld_files                      -
[-        ] process > gcta_fine_maps                     -
[-        ] process > html_report_main                   -

executor >  slurm (7)
[d6/1312c0] process > fix_strain_names_bulk (BULK TRAIT) [100%] 1 of 1 ✔
[d6/2bb989] process > vcf_to_geno_matrix (1)             [100%] 1 of 1 ✔
[4e/91cc2d] process > chrom_eigen_variants (II)          [  0%] 0 of 3
[-        ] process > collect_eigen_variants             -
[b6/a87fe5] process > prepare_gcta_files (1)             [100%] 1 of 1 ✔
[ea/37c364] process > gcta_grm (1)                       [100%] 1 of 1 ✔
[ae/c4bac5] process > gcta_lmm_exact_mapping (1)         [100%] 1 of 1 ✔
[-        ] process > gcta_intervals_maps                -
[-        ] process > generate_plots                     -
[-        ] process > LD_between_regions                 -
[-        ] process > summarize_mapping                  -
[-        ] process > prep_ld_files                      -
[-        ] process > gcta_fine_maps                     -
[-        ] process > html_report_main                   -

executor >  slurm (9)
[d6/1312c0] process > fix_strain_names_bulk (BULK TRAIT) [100%] 1 of 1 ✔
[d6/2bb989] process > vcf_to_geno_matrix (1)             [100%] 1 of 1 ✔
[54/b984d2] process > chrom_eigen_variants (V)           [  0%] 0 of 6
[-        ] process > collect_eigen_variants             -
[b6/a87fe5] process > prepare_gcta_files (1)             [100%] 1 of 1 ✔
[ea/37c364] process > gcta_grm (1)                       [100%] 1 of 1 ✔
[ae/c4bac5] process > gcta_lmm_exact_mapping (1)         [100%] 1 of 1 ✔
[-        ] process > gcta_intervals_maps                -
[-        ] process > generate_plots                     -
[-        ] process > LD_between_regions                 -
[-        ] process > summarize_mapping                  -
[-        ] process > prep_ld_files                      -
[-        ] process > gcta_fine_maps                     -
[-        ] process > html_report_main                   -

executor >  slurm (11)
[d6/1312c0] process > fix_strain_names_bulk (BULK TRAIT) [100%] 1 of 1 ✔
[d6/2bb989] process > vcf_to_geno_matrix (1)             [100%] 1 of 1 ✔
[7e/a8b5b6] process > chrom_eigen_variants (III)         [  0%] 0 of 6
[-        ] process > collect_eigen_variants             -
[b6/a87fe5] process > prepare_gcta_files (1)             [100%] 1 of 1 ✔
[ea/37c364] process > gcta_grm (1)                       [100%] 1 of 1 ✔
[ae/c4bac5] process > gcta_lmm_exact_mapping (1)         [100%] 1 of 1 ✔
[-        ] process > gcta_intervals_maps                -
[-        ] process > generate_plots                     -
[-        ] process > LD_between_regions                 -
[-        ] process > summarize_mapping                  -
[-        ] process > prep_ld_files                      -
[-        ] process > gcta_fine_maps                     -
[-        ] process > html_report_main                   -

executor >  slurm (11)
[d6/1312c0] process > fix_strain_names_bulk (BULK TRAIT) [100%] 1 of 1 ✔
[d6/2bb989] process > vcf_to_geno_matrix (1)             [100%] 1 of 1 ✔
[7e/a8b5b6] process > chrom_eigen_variants (III)         [  0%] 0 of 6
[-        ] process > collect_eigen_variants             -
[b6/a87fe5] process > prepare_gcta_files (1)             [100%] 1 of 1 ✔
[ea/37c364] process > gcta_grm (1)                       [100%] 1 of 1 ✔
[ae/c4bac5] process > gcta_lmm_exact_mapping (1)         [100%] 1 of 1 ✔
[-        ] process > gcta_intervals_maps                -
[-        ] process > generate_plots                     -
[-        ] process > LD_between_regions                 -
[-        ] process > summarize_mapping                  -
[-        ] process > prep_ld_files                      -
[-        ] process > gcta_fine_maps                     -
[-        ] process > html_report_main                   -

executor >  slurm (11)
[d6/1312c0] process > fix_strain_names_bulk (BULK TRAIT) [100%] 1 of 1 ✔
[d6/2bb989] process > vcf_to_geno_matrix (1)             [100%] 1 of 1 ✔
[2c/821e99] process > chrom_eigen_variants (I)           [ 17%] 1 of 6
[-        ] process > collect_eigen_variants             -
[b6/a87fe5] process > prepare_gcta_files (1)             [100%] 1 of 1 ✔
[ea/37c364] process > gcta_grm (1)                       [100%] 1 of 1 ✔
[ae/c4bac5] process > gcta_lmm_exact_mapping (1)         [100%] 1 of 1 ✔
[-        ] process > gcta_intervals_maps                -
[-        ] process > generate_plots                     -
[-        ] process > LD_between_regions                 -
[-        ] process > summarize_mapping                  -
[-        ] process > prep_ld_files                      -
[-        ] process > gcta_fine_maps                     -
[-        ] process > html_report_main                   -

executor >  slurm (11)
[d6/1312c0] process > fix_strain_names_bulk (BULK TRAIT) [100%] 1 of 1 ✔
[d6/2bb989] process > vcf_to_geno_matrix (1)             [100%] 1 of 1 ✔
[7e/a8b5b6] process > chrom_eigen_variants (III)         [ 33%] 2 of 6
[-        ] process > collect_eigen_variants             -
[b6/a87fe5] process > prepare_gcta_files (1)             [100%] 1 of 1 ✔
[ea/37c364] process > gcta_grm (1)                       [100%] 1 of 1 ✔
[ae/c4bac5] process > gcta_lmm_exact_mapping (1)         [100%] 1 of 1 ✔
[-        ] process > gcta_intervals_maps                -
[-        ] process > generate_plots                     -
[-        ] process > LD_between_regions                 -
[-        ] process > summarize_mapping                  -
[-        ] process > prep_ld_files                      -
[-        ] process > gcta_fine_maps                     -
[-        ] process > html_report_main                   -

executor >  slurm (11)
[d6/1312c0] process > fix_strain_names_bulk (BULK TRAIT) [100%] 1 of 1 ✔
[d6/2bb989] process > vcf_to_geno_matrix (1)             [100%] 1 of 1 ✔
[4e/91cc2d] process > chrom_eigen_variants (II)          [ 50%] 3 of 6
[-        ] process > collect_eigen_variants             -
[b6/a87fe5] process > prepare_gcta_files (1)             [100%] 1 of 1 ✔
[ea/37c364] process > gcta_grm (1)                       [100%] 1 of 1 ✔
[ae/c4bac5] process > gcta_lmm_exact_mapping (1)         [100%] 1 of 1 ✔
[-        ] process > gcta_intervals_maps                -
[-        ] process > generate_plots                     -
[-        ] process > LD_between_regions                 -
[-        ] process > summarize_mapping                  -
[-        ] process > prep_ld_files                      -
[-        ] process > gcta_fine_maps                     -
[-        ] process > html_report_main                   -

executor >  slurm (11)
[d6/1312c0] process > fix_strain_names_bulk (BULK TRAIT) [100%] 1 of 1 ✔
[d6/2bb989] process > vcf_to_geno_matrix (1)             [100%] 1 of 1 ✔
[54/b984d2] process > chrom_eigen_variants (V)           [ 67%] 4 of 6
[-        ] process > collect_eigen_variants             -
[b6/a87fe5] process > prepare_gcta_files (1)             [100%] 1 of 1 ✔
[ea/37c364] process > gcta_grm (1)                       [100%] 1 of 1 ✔
[ae/c4bac5] process > gcta_lmm_exact_mapping (1)         [100%] 1 of 1 ✔
[-        ] process > gcta_intervals_maps                -
[-        ] process > generate_plots                     -
[-        ] process > LD_between_regions                 -
[-        ] process > summarize_mapping                  -
[-        ] process > prep_ld_files                      -
[-        ] process > gcta_fine_maps                     -
[-        ] process > html_report_main                   -

executor >  slurm (11)
[d6/1312c0] process > fix_strain_names_bulk (BULK TRAIT) [100%] 1 of 1 ✔
[d6/2bb989] process > vcf_to_geno_matrix (1)             [100%] 1 of 1 ✔
[04/7294c6] process > chrom_eigen_variants (IV)          [ 83%] 5 of 6
[-        ] process > collect_eigen_variants             -
[b6/a87fe5] process > prepare_gcta_files (1)             [100%] 1 of 1 ✔
[ea/37c364] process > gcta_grm (1)                       [100%] 1 of 1 ✔
[ae/c4bac5] process > gcta_lmm_exact_mapping (1)         [100%] 1 of 1 ✔
[-        ] process > gcta_intervals_maps                -
[-        ] process > generate_plots                     -
[-        ] process > LD_between_regions                 -
[-        ] process > summarize_mapping                  -
[-        ] process > prep_ld_files                      -
[-        ] process > gcta_fine_maps                     -
[-        ] process > html_report_main                   -

executor >  slurm (11)
[d6/1312c0] process > fix_strain_names_bulk (BULK TRAIT) [100%] 1 of 1 ✔
[d6/2bb989] process > vcf_to_geno_matrix (1)             [100%] 1 of 1 ✔
[ab/f42662] process > chrom_eigen_variants (X)           [100%] 6 of 6 ✔
[-        ] process > collect_eigen_variants             [  0%] 0 of 1
[b6/a87fe5] process > prepare_gcta_files (1)             [100%] 1 of 1 ✔
[ea/37c364] process > gcta_grm (1)                       [100%] 1 of 1 ✔
[ae/c4bac5] process > gcta_lmm_exact_mapping (1)         [100%] 1 of 1 ✔
[-        ] process > gcta_intervals_maps                -
[-        ] process > generate_plots                     -
[-        ] process > LD_between_regions                 -
[-        ] process > summarize_mapping                  -
[-        ] process > prep_ld_files                      -
[-        ] process > gcta_fine_maps                     -
[-        ] process > html_report_main                   -

executor >  slurm (12)
[d6/1312c0] process > fix_strain_names_bulk (BULK TRAIT) [100%] 1 of 1 ✔
[d6/2bb989] process > vcf_to_geno_matrix (1)             [100%] 1 of 1 ✔
[ab/f42662] process > chrom_eigen_variants (X)           [100%] 6 of 6 ✔
[8f/153252] process > collect_eigen_variants             [  0%] 0 of 1
[b6/a87fe5] process > prepare_gcta_files (1)             [100%] 1 of 1 ✔
[ea/37c364] process > gcta_grm (1)                       [100%] 1 of 1 ✔
[ae/c4bac5] process > gcta_lmm_exact_mapping (1)         [100%] 1 of 1 ✔
[-        ] process > gcta_intervals_maps                -
[-        ] process > generate_plots                     -
[-        ] process > LD_between_regions                 -
[-        ] process > summarize_mapping                  -
[-        ] process > prep_ld_files                      -
[-        ] process > gcta_fine_maps                     -
[-        ] process > html_report_main                   -

executor >  slurm (12)
[d6/1312c0] process > fix_strain_names_bulk (BULK TRAIT) [100%] 1 of 1 ✔
[d6/2bb989] process > vcf_to_geno_matrix (1)             [100%] 1 of 1 ✔
[ab/f42662] process > chrom_eigen_variants (X)           [100%] 6 of 6 ✔
[8f/153252] process > collect_eigen_variants             [  0%] 0 of 1
[b6/a87fe5] process > prepare_gcta_files (1)             [100%] 1 of 1 ✔
[ea/37c364] process > gcta_grm (1)                       [100%] 1 of 1 ✔
[ae/c4bac5] process > gcta_lmm_exact_mapping (1)         [100%] 1 of 1 ✔
[-        ] process > gcta_intervals_maps                -
[-        ] process > generate_plots                     -
[-        ] process > LD_between_regions                 -
[-        ] process > summarize_mapping                  -
[-        ] process > prep_ld_files                      -
[-        ] process > gcta_fine_maps                     -
[-        ] process > html_report_main                   -

executor >  slurm (12)
[d6/1312c0] process > fix_strain_names_bulk (BULK TRAIT) [100%] 1 of 1 ✔
[d6/2bb989] process > vcf_to_geno_matrix (1)             [100%] 1 of 1 ✔
[ab/f42662] process > chrom_eigen_variants (X)           [100%] 6 of 6 ✔
[8f/153252] process > collect_eigen_variants             [100%] 1 of 1 ✔
[b6/a87fe5] process > prepare_gcta_files (1)             [100%] 1 of 1 ✔
[ea/37c364] process > gcta_grm (1)                       [100%] 1 of 1 ✔
[ae/c4bac5] process > gcta_lmm_exact_mapping (1)         [100%] 1 of 1 ✔
[-        ] process > gcta_intervals_maps                -
[-        ] process > generate_plots                     -
[-        ] process > LD_between_regions                 -
[-        ] process > summarize_mapping                  -
[-        ] process > prep_ld_files                      -
[-        ] process > gcta_fine_maps                     -
[-        ] process > html_report_main                   -

executor >  slurm (12)
[d6/1312c0] process > fix_strain_names_bulk (BULK TRAIT) [100%] 1 of 1 ✔
[d6/2bb989] process > vcf_to_geno_matrix (1)             [100%] 1 of 1 ✔
[ab/f42662] process > chrom_eigen_variants (X)           [100%] 6 of 6 ✔
[8f/153252] process > collect_eigen_variants             [100%] 1 of 1 ✔
[b6/a87fe5] process > prepare_gcta_files (1)             [100%] 1 of 1 ✔
[ea/37c364] process > gcta_grm (1)                       [100%] 1 of 1 ✔
[ae/c4bac5] process > gcta_lmm_exact_mapping (1)         [100%] 1 of 1 ✔
[-        ] process > gcta_intervals_maps                [  0%] 0 of 1
[-        ] process > generate_plots                     -
[-        ] process > LD_between_regions                 -
[-        ] process > summarize_mapping                  -
[-        ] process > prep_ld_files                      -
[-        ] process > gcta_fine_maps                     -
[-        ] process > html_report_main                   -

executor >  slurm (13)
[d6/1312c0] process > fix_strain_names_bulk (BULK TRAIT) [100%] 1 of 1 ✔
[d6/2bb989] process > vcf_to_geno_matrix (1)             [100%] 1 of 1 ✔
[ab/f42662] process > chrom_eigen_variants (X)           [100%] 6 of 6 ✔
[8f/153252] process > collect_eigen_variants             [100%] 1 of 1 ✔
[b6/a87fe5] process > prepare_gcta_files (1)             [100%] 1 of 1 ✔
[ea/37c364] process > gcta_grm (1)                       [100%] 1 of 1 ✔
[ae/c4bac5] process > gcta_lmm_exact_mapping (1)         [100%] 1 of 1 ✔
[2f/335a0f] process > gcta_intervals_maps (1)            [  0%] 0 of 1
[-        ] process > generate_plots                     -
[-        ] process > LD_between_regions                 -
[-        ] process > summarize_mapping                  -
[-        ] process > prep_ld_files                      -
[-        ] process > gcta_fine_maps                     -
[-        ] process > html_report_main                   -

executor >  slurm (13)
[d6/1312c0] process > fix_strain_names_bulk (BULK TRAIT) [100%] 1 of 1 ✔
[d6/2bb989] process > vcf_to_geno_matrix (1)             [100%] 1 of 1 ✔
[ab/f42662] process > chrom_eigen_variants (X)           [100%] 6 of 6 ✔
[8f/153252] process > collect_eigen_variants             [100%] 1 of 1 ✔
[b6/a87fe5] process > prepare_gcta_files (1)             [100%] 1 of 1 ✔
[ea/37c364] process > gcta_grm (1)                       [100%] 1 of 1 ✔
[ae/c4bac5] process > gcta_lmm_exact_mapping (1)         [100%] 1 of 1 ✔
[2f/335a0f] process > gcta_intervals_maps (1)            [  0%] 0 of 1
[-        ] process > generate_plots                     -
[-        ] process > LD_between_regions                 -
[-        ] process > summarize_mapping                  -
[-        ] process > prep_ld_files                      -
[-        ] process > gcta_fine_maps                     -
[-        ] process > html_report_main                   -

executor >  slurm (13)
[d6/1312c0] process > fix_strain_names_bulk (BULK TRAIT) [100%] 1 of 1 ✔
[d6/2bb989] process > vcf_to_geno_matrix (1)             [100%] 1 of 1 ✔
[ab/f42662] process > chrom_eigen_variants (X)           [100%] 6 of 6 ✔
[8f/153252] process > collect_eigen_variants             [100%] 1 of 1 ✔
[b6/a87fe5] process > prepare_gcta_files (1)             [100%] 1 of 1 ✔
[ea/37c364] process > gcta_grm (1)                       [100%] 1 of 1 ✔
[ae/c4bac5] process > gcta_lmm_exact_mapping (1)         [100%] 1 of 1 ✔
[2f/335a0f] process > gcta_intervals_maps (1)            [100%] 1 of 1 ✔
[-        ] process > generate_plots                     -
[-        ] process > LD_between_regions                 -
[-        ] process > summarize_mapping                  -
[-        ] process > prep_ld_files                      -
[-        ] process > gcta_fine_maps                     -
[-        ] process > html_report_main                   -

executor >  slurm (14)
[d6/1312c0] process > fix_strain_names_bulk (BULK TRAIT) [100%] 1 of 1 ✔
[d6/2bb989] process > vcf_to_geno_matrix (1)             [100%] 1 of 1 ✔
[ab/f42662] process > chrom_eigen_variants (X)           [100%] 6 of 6 ✔
[8f/153252] process > collect_eigen_variants             [100%] 1 of 1 ✔
[b6/a87fe5] process > prepare_gcta_files (1)             [100%] 1 of 1 ✔
[ea/37c364] process > gcta_grm (1)                       [100%] 1 of 1 ✔
[ae/c4bac5] process > gcta_lmm_exact_mapping (1)         [100%] 1 of 1 ✔
[2f/335a0f] process > gcta_intervals_maps (1)            [100%] 1 of 1 ✔
[-        ] process > generate_plots                     [  0%] 0 of 1
[ac/9e0438] process > LD_between_regions (1)             [  0%] 0 of 1
[-        ] process > summarize_mapping                  -
[-        ] process > prep_ld_files                      -
[-        ] process > gcta_fine_maps                     -
[-        ] process > html_report_main                   -

executor >  slurm (15)
[d6/1312c0] process > fix_strain_names_bulk (BULK TRAIT) [100%] 1 of 1 ✔
[d6/2bb989] process > vcf_to_geno_matrix (1)             [100%] 1 of 1 ✔
[ab/f42662] process > chrom_eigen_variants (X)           [100%] 6 of 6 ✔
[8f/153252] process > collect_eigen_variants             [100%] 1 of 1 ✔
[b6/a87fe5] process > prepare_gcta_files (1)             [100%] 1 of 1 ✔
[ea/37c364] process > gcta_grm (1)                       [100%] 1 of 1 ✔
[ae/c4bac5] process > gcta_lmm_exact_mapping (1)         [100%] 1 of 1 ✔
[2f/335a0f] process > gcta_intervals_maps (1)            [100%] 1 of 1 ✔
[b4/2d523b] process > generate_plots (1)                 [  0%] 0 of 1
[ac/9e0438] process > LD_between_regions (1)             [  0%] 0 of 1
[-        ] process > summarize_mapping                  [  0%] 0 of 1
[-        ] process > prep_ld_files                      -
[-        ] process > gcta_fine_maps                     -
[-        ] process > html_report_main                   -

executor >  slurm (16)
[d6/1312c0] process > fix_strain_names_bulk (BULK TRAIT) [100%] 1 of 1 ✔
[d6/2bb989] process > vcf_to_geno_matrix (1)             [100%] 1 of 1 ✔
[ab/f42662] process > chrom_eigen_variants (X)           [100%] 6 of 6 ✔
[8f/153252] process > collect_eigen_variants             [100%] 1 of 1 ✔
[b6/a87fe5] process > prepare_gcta_files (1)             [100%] 1 of 1 ✔
[ea/37c364] process > gcta_grm (1)                       [100%] 1 of 1 ✔
[ae/c4bac5] process > gcta_lmm_exact_mapping (1)         [100%] 1 of 1 ✔
[2f/335a0f] process > gcta_intervals_maps (1)            [100%] 1 of 1 ✔
[b4/2d523b] process > generate_plots (1)                 [  0%] 0 of 1
[ac/9e0438] process > LD_between_regions (1)             [  0%] 0 of 1
[31/b9a969] process > summarize_mapping (1)              [  0%] 0 of 1
[-        ] process > prep_ld_files                      -
[-        ] process > gcta_fine_maps                     -
[-        ] process > html_report_main                   -

executor >  slurm (16)
[d6/1312c0] process > fix_strain_names_bulk (BULK TRAIT) [100%] 1 of 1 ✔
[d6/2bb989] process > vcf_to_geno_matrix (1)             [100%] 1 of 1 ✔
[ab/f42662] process > chrom_eigen_variants (X)           [100%] 6 of 6 ✔
[8f/153252] process > collect_eigen_variants             [100%] 1 of 1 ✔
[b6/a87fe5] process > prepare_gcta_files (1)             [100%] 1 of 1 ✔
[ea/37c364] process > gcta_grm (1)                       [100%] 1 of 1 ✔
[ae/c4bac5] process > gcta_lmm_exact_mapping (1)         [100%] 1 of 1 ✔
[2f/335a0f] process > gcta_intervals_maps (1)            [100%] 1 of 1 ✔
[b4/2d523b] process > generate_plots (1)                 [  0%] 0 of 1
[ac/9e0438] process > LD_between_regions (1)             [  0%] 0 of 1
[31/b9a969] process > summarize_mapping (1)              [  0%] 0 of 1
[-        ] process > prep_ld_files                      -
[-        ] process > gcta_fine_maps                     -
[-        ] process > html_report_main                   -

executor >  slurm (16)
[d6/1312c0] process > fix_strain_names_bulk (BULK TRAIT) [100%] 1 of 1 ✔
[d6/2bb989] process > vcf_to_geno_matrix (1)             [100%] 1 of 1 ✔
[ab/f42662] process > chrom_eigen_variants (X)           [100%] 6 of 6 ✔
[8f/153252] process > collect_eigen_variants             [100%] 1 of 1 ✔
[b6/a87fe5] process > prepare_gcta_files (1)             [100%] 1 of 1 ✔
[ea/37c364] process > gcta_grm (1)                       [100%] 1 of 1 ✔
[ae/c4bac5] process > gcta_lmm_exact_mapping (1)         [100%] 1 of 1 ✔
[2f/335a0f] process > gcta_intervals_maps (1)            [100%] 1 of 1 ✔
[b4/2d523b] process > generate_plots (1)                 [  0%] 0 of 1
[ac/9e0438] process > LD_between_regions (1)             [  0%] 0 of 1
[31/b9a969] process > summarize_mapping (1)              [  0%] 0 of 1
[-        ] process > prep_ld_files                      -
[-        ] process > gcta_fine_maps                     -
[-        ] process > html_report_main                   -

executor >  slurm (16)
[d6/1312c0] process > fix_strain_names_bulk (BULK TRAIT) [100%] 1 of 1 ✔
[d6/2bb989] process > vcf_to_geno_matrix (1)             [100%] 1 of 1 ✔
[ab/f42662] process > chrom_eigen_variants (X)           [100%] 6 of 6 ✔
[8f/153252] process > collect_eigen_variants             [100%] 1 of 1 ✔
[b6/a87fe5] process > prepare_gcta_files (1)             [100%] 1 of 1 ✔
[ea/37c364] process > gcta_grm (1)                       [100%] 1 of 1 ✔
[ae/c4bac5] process > gcta_lmm_exact_mapping (1)         [100%] 1 of 1 ✔
[2f/335a0f] process > gcta_intervals_maps (1)            [100%] 1 of 1 ✔
[b4/2d523b] process > generate_plots (1)                 [  0%] 0 of 1
[ac/9e0438] process > LD_between_regions (1)             [  0%] 0 of 1
[31/b9a969] process > summarize_mapping (1)              [100%] 1 of 1 ✔
[-        ] process > prep_ld_files                      -
[-        ] process > gcta_fine_maps                     -
[-        ] process > html_report_main                   -

executor >  slurm (16)
[d6/1312c0] process > fix_strain_names_bulk (BULK TRAIT) [100%] 1 of 1 ✔
[d6/2bb989] process > vcf_to_geno_matrix (1)             [100%] 1 of 1 ✔
[ab/f42662] process > chrom_eigen_variants (X)           [100%] 6 of 6 ✔
[8f/153252] process > collect_eigen_variants             [100%] 1 of 1 ✔
[b6/a87fe5] process > prepare_gcta_files (1)             [100%] 1 of 1 ✔
[ea/37c364] process > gcta_grm (1)                       [100%] 1 of 1 ✔
[ae/c4bac5] process > gcta_lmm_exact_mapping (1)         [100%] 1 of 1 ✔
[2f/335a0f] process > gcta_intervals_maps (1)            [100%] 1 of 1 ✔
[b4/2d523b] process > generate_plots (1)                 [100%] 1 of 1 ✔
[ac/9e0438] process > LD_between_regions (1)             [100%] 1 of 1 ✔
[31/b9a969] process > summarize_mapping (1)              [100%] 1 of 1 ✔
[-        ] process > prep_ld_files                      -
[-        ] process > gcta_fine_maps                     -
[-        ] process > html_report_main                   -

executor >  slurm (17)
[d6/1312c0] process > fix_strain_names_bulk (BULK TRAIT) [100%] 1 of 1 ✔
[d6/2bb989] process > vcf_to_geno_matrix (1)             [100%] 1 of 1 ✔
[ab/f42662] process > chrom_eigen_variants (X)           [100%] 6 of 6 ✔
[8f/153252] process > collect_eigen_variants             [100%] 1 of 1 ✔
[b6/a87fe5] process > prepare_gcta_files (1)             [100%] 1 of 1 ✔
[ea/37c364] process > gcta_grm (1)                       [100%] 1 of 1 ✔
[ae/c4bac5] process > gcta_lmm_exact_mapping (1)         [100%] 1 of 1 ✔
[2f/335a0f] process > gcta_intervals_maps (1)            [100%] 1 of 1 ✔
[b4/2d523b] process > generate_plots (1)                 [100%] 1 of 1 ✔
[ac/9e0438] process > LD_between_regions (1)             [100%] 1 of 1 ✔
[31/b9a969] process > summarize_mapping (1)              [100%] 1 of 1 ✔
[b0/873db2] process > prep_ld_files (length)             [  0%] 0 of 1
[-        ] process > gcta_fine_maps                     -
[-        ] process > html_report_main                   -

executor >  slurm (17)
[d6/1312c0] process > fix_strain_names_bulk (BULK TRAIT) [100%] 1 of 1 ✔
[d6/2bb989] process > vcf_to_geno_matrix (1)             [100%] 1 of 1 ✔
[ab/f42662] process > chrom_eigen_variants (X)           [100%] 6 of 6 ✔
[8f/153252] process > collect_eigen_variants             [100%] 1 of 1 ✔
[b6/a87fe5] process > prepare_gcta_files (1)             [100%] 1 of 1 ✔
[ea/37c364] process > gcta_grm (1)                       [100%] 1 of 1 ✔
[ae/c4bac5] process > gcta_lmm_exact_mapping (1)         [100%] 1 of 1 ✔
[2f/335a0f] process > gcta_intervals_maps (1)            [100%] 1 of 1 ✔
[b4/2d523b] process > generate_plots (1)                 [100%] 1 of 1 ✔
[ac/9e0438] process > LD_between_regions (1)             [100%] 1 of 1 ✔
[31/b9a969] process > summarize_mapping (1)              [100%] 1 of 1 ✔
[b0/873db2] process > prep_ld_files (length)             [  0%] 0 of 1
[-        ] process > gcta_fine_maps                     -
[-        ] process > html_report_main                   -

executor >  slurm (17)
[d6/1312c0] process > fix_strain_names_bulk (BULK TRAIT) [100%] 1 of 1 ✔
[d6/2bb989] process > vcf_to_geno_matrix (1)             [100%] 1 of 1 ✔
[ab/f42662] process > chrom_eigen_variants (X)           [100%] 6 of 6 ✔
[8f/153252] process > collect_eigen_variants             [100%] 1 of 1 ✔
[b6/a87fe5] process > prepare_gcta_files (1)             [100%] 1 of 1 ✔
[ea/37c364] process > gcta_grm (1)                       [100%] 1 of 1 ✔
[ae/c4bac5] process > gcta_lmm_exact_mapping (1)         [100%] 1 of 1 ✔
[2f/335a0f] process > gcta_intervals_maps (1)            [100%] 1 of 1 ✔
[b4/2d523b] process > generate_plots (1)                 [100%] 1 of 1 ✔
[ac/9e0438] process > LD_between_regions (1)             [100%] 1 of 1 ✔
[31/b9a969] process > summarize_mapping (1)              [100%] 1 of 1 ✔
[b0/873db2] process > prep_ld_files (length)             [100%] 1 of 1 ✔
[-        ] process > gcta_fine_maps                     -
[-        ] process > html_report_main                   -

executor >  slurm (18)
[d6/1312c0] process > fix_strain_names_bulk (BULK TRAIT) [100%] 1 of 1 ✔
[d6/2bb989] process > vcf_to_geno_matrix (1)             [100%] 1 of 1 ✔
[ab/f42662] process > chrom_eigen_variants (X)           [100%] 6 of 6 ✔
[8f/153252] process > collect_eigen_variants             [100%] 1 of 1 ✔
[b6/a87fe5] process > prepare_gcta_files (1)             [100%] 1 of 1 ✔
[ea/37c364] process > gcta_grm (1)                       [100%] 1 of 1 ✔
[ae/c4bac5] process > gcta_lmm_exact_mapping (1)         [100%] 1 of 1 ✔
[2f/335a0f] process > gcta_intervals_maps (1)            [100%] 1 of 1 ✔
[b4/2d523b] process > generate_plots (1)                 [100%] 1 of 1 ✔
[ac/9e0438] process > LD_between_regions (1)             [100%] 1 of 1 ✔
[31/b9a969] process > summarize_mapping (1)              [100%] 1 of 1 ✔
[b0/873db2] process > prep_ld_files (length)             [100%] 1 of 1 ✔
[b2/124eac] process > gcta_fine_maps (1)                 [  0%] 0 of 1
[-        ] process > html_report_main                   -

executor >  slurm (18)
[d6/1312c0] process > fix_strain_names_bulk (BULK TRAIT) [100%] 1 of 1 ✔
[d6/2bb989] process > vcf_to_geno_matrix (1)             [100%] 1 of 1 ✔
[ab/f42662] process > chrom_eigen_variants (X)           [100%] 6 of 6 ✔
[8f/153252] process > collect_eigen_variants             [100%] 1 of 1 ✔
[b6/a87fe5] process > prepare_gcta_files (1)             [100%] 1 of 1 ✔
[ea/37c364] process > gcta_grm (1)                       [100%] 1 of 1 ✔
[ae/c4bac5] process > gcta_lmm_exact_mapping (1)         [100%] 1 of 1 ✔
[2f/335a0f] process > gcta_intervals_maps (1)            [100%] 1 of 1 ✔
[b4/2d523b] process > generate_plots (1)                 [100%] 1 of 1 ✔
[ac/9e0438] process > LD_between_regions (1)             [100%] 1 of 1 ✔
[31/b9a969] process > summarize_mapping (1)              [100%] 1 of 1 ✔
[b0/873db2] process > prep_ld_files (length)             [100%] 1 of 1 ✔
[b2/124eac] process > gcta_fine_maps (1)                 [  0%] 0 of 1
[-        ] process > html_report_main                   -

executor >  slurm (18)
[d6/1312c0] process > fix_strain_names_bulk (BULK TRAIT) [100%] 1 of 1 ✔
[d6/2bb989] process > vcf_to_geno_matrix (1)             [100%] 1 of 1 ✔
[ab/f42662] process > chrom_eigen_variants (X)           [100%] 6 of 6 ✔
[8f/153252] process > collect_eigen_variants             [100%] 1 of 1 ✔
[b6/a87fe5] process > prepare_gcta_files (1)             [100%] 1 of 1 ✔
[ea/37c364] process > gcta_grm (1)                       [100%] 1 of 1 ✔
[ae/c4bac5] process > gcta_lmm_exact_mapping (1)         [100%] 1 of 1 ✔
[2f/335a0f] process > gcta_intervals_maps (1)            [100%] 1 of 1 ✔
[b4/2d523b] process > generate_plots (1)                 [100%] 1 of 1 ✔
[ac/9e0438] process > LD_between_regions (1)             [100%] 1 of 1 ✔
[31/b9a969] process > summarize_mapping (1)              [100%] 1 of 1 ✔
[b0/873db2] process > prep_ld_files (length)             [100%] 1 of 1 ✔
[b2/124eac] process > gcta_fine_maps (1)                 [100%] 1 of 1 ✔
[-        ] process > html_report_main                   -
WARN: Input tuple does not match input set cardinality declared by process `html_report_main` -- offending value: [length, Analysis_Results-20211219/Mapping/Processed/QTL_peaks.tsv, /projects/b1042/AndersenLab/work/shriram/d6/1312c095e7c342c28fb9c6dfeb3832/pr_length.tsv, /projects/b1042/AndersenLab/work/shriram/d6/1312c095e7c342c28fb9c6dfeb3832/strain_issues.txt, /projects/b1042/AndersenLab/work/shriram/8f/153252e4a527319d488ee39b3efcae/total_independent_tests.txt, /projects/b1042/AndersenLab/work/shriram/d6/2bb989354b3eecec20f03a6da617d0/Genotype_Matrix.tsv, /home/bsy6241/.nextflow/assets/andersenlab/nemascan/bin/NemaScan_Report_main.Rmd, /home/bsy6241/.nextflow/assets/andersenlab/nemascan/bin/NemaScan_Report_region_template.Rmd, /home/bsy6241/.nextflow/assets/andersenlab/nemascan/bin/render_markdown.R, false, c_briggsae, c_briggsae, c_briggsae, c_briggsae, c_briggsae, /projects/b1042/AndersenLab/work/shriram/2f/335a0f45b5156da0aa29e79e3907c5/processed_length_AGGREGATE_mapping.tsv, /projects/b1042/AndersenLab/work/shriram/b2/124eac219f9c09deea7e57c928c7e4/length.I.14312709.15147409.finemap_inbred.fastGWA, /projects/b1042/AndersenLab/work/shriram/b2/124eac219f9c09deea7e57c928c7e4/length.I.14312709.15147409.prLD_df.tsv, /projects/b1042/AndersenLab/work/shriram/b2/124eac219f9c09deea7e57c928c7e4/length_I_14312709-15147409_bcsq_genes.tsv, /projects/b1042/AndersenLab/work/shriram/b0/873db2f94923e3c79efc0a544c1f15/length.I:14312709-15147409.ROI_Genotype_Matrix.tsv, /projects/b1042/AndersenLab/work/shriram/b0/873db2f94923e3c79efc0a544c1f15/length.I.14312709.15147409.LD.tsv]

executor >  slurm (19)
[d6/1312c0] process > fix_strain_names_bulk (BULK TRAIT)      [100%] 1 of 1 ✔
[d6/2bb989] process > vcf_to_geno_matrix (1)                  [100%] 1 of 1 ✔
[ab/f42662] process > chrom_eigen_variants (X)                [100%] 6 of 6 ✔
[8f/153252] process > collect_eigen_variants                  [100%] 1 of 1 ✔
[b6/a87fe5] process > prepare_gcta_files (1)                  [100%] 1 of 1 ✔
[ea/37c364] process > gcta_grm (1)                            [100%] 1 of 1 ✔
[ae/c4bac5] process > gcta_lmm_exact_mapping (1)              [100%] 1 of 1 ✔
[2f/335a0f] process > gcta_intervals_maps (1)                 [100%] 1 of 1 ✔
[b4/2d523b] process > generate_plots (1)                      [100%] 1 of 1 ✔
[ac/9e0438] process > LD_between_regions (1)                  [100%] 1 of 1 ✔
[31/b9a969] process > summarize_mapping (1)                   [100%] 1 of 1 ✔
[b0/873db2] process > prep_ld_files (length)                  [100%] 1 of 1 ✔
[b2/124eac] process > gcta_fine_maps (1)                      [100%] 1 of 1 ✔
[90/98f938] process > html_report_main (length - HTML REPORT) [  0%] 0 of 1
WARN: Input tuple does not match input set cardinality declared by process `html_report_main` -- offending value: [length, Analysis_Results-20211219/Mapping/Processed/QTL_peaks.tsv, /projects/b1042/AndersenLab/work/shriram/d6/1312c095e7c342c28fb9c6dfeb3832/pr_length.tsv, /projects/b1042/AndersenLab/work/shriram/d6/1312c095e7c342c28fb9c6dfeb3832/strain_issues.txt, /projects/b1042/AndersenLab/work/shriram/8f/153252e4a527319d488ee39b3efcae/total_independent_tests.txt, /projects/b1042/AndersenLab/work/shriram/d6/2bb989354b3eecec20f03a6da617d0/Genotype_Matrix.tsv, /home/bsy6241/.nextflow/assets/andersenlab/nemascan/bin/NemaScan_Report_main.Rmd, /home/bsy6241/.nextflow/assets/andersenlab/nemascan/bin/NemaScan_Report_region_template.Rmd, /home/bsy6241/.nextflow/assets/andersenlab/nemascan/bin/render_markdown.R, false, c_briggsae, c_briggsae, c_briggsae, c_briggsae, c_briggsae, /projects/b1042/AndersenLab/work/shriram/2f/335a0f45b5156da0aa29e79e3907c5/processed_length_AGGREGATE_mapping.tsv, /projects/b1042/AndersenLab/work/shriram/b2/124eac219f9c09deea7e57c928c7e4/length.I.14312709.15147409.finemap_inbred.fastGWA, /projects/b1042/AndersenLab/work/shriram/b2/124eac219f9c09deea7e57c928c7e4/length.I.14312709.15147409.prLD_df.tsv, /projects/b1042/AndersenLab/work/shriram/b2/124eac219f9c09deea7e57c928c7e4/length_I_14312709-15147409_bcsq_genes.tsv, /projects/b1042/AndersenLab/work/shriram/b0/873db2f94923e3c79efc0a544c1f15/length.I:14312709-15147409.ROI_Genotype_Matrix.tsv, /projects/b1042/AndersenLab/work/shriram/b0/873db2f94923e3c79efc0a544c1f15/length.I.14312709.15147409.LD.tsv]

executor >  slurm (19)
[d6/1312c0] process > fix_strain_names_bulk (BULK TRAIT)      [100%] 1 of 1 ✔
[d6/2bb989] process > vcf_to_geno_matrix (1)                  [100%] 1 of 1 ✔
[ab/f42662] process > chrom_eigen_variants (X)                [100%] 6 of 6 ✔
[8f/153252] process > collect_eigen_variants                  [100%] 1 of 1 ✔
[b6/a87fe5] process > prepare_gcta_files (1)                  [100%] 1 of 1 ✔
[ea/37c364] process > gcta_grm (1)                            [100%] 1 of 1 ✔
[ae/c4bac5] process > gcta_lmm_exact_mapping (1)              [100%] 1 of 1 ✔
[2f/335a0f] process > gcta_intervals_maps (1)                 [100%] 1 of 1 ✔
[b4/2d523b] process > generate_plots (1)                      [100%] 1 of 1 ✔
[ac/9e0438] process > LD_between_regions (1)                  [100%] 1 of 1 ✔
[31/b9a969] process > summarize_mapping (1)                   [100%] 1 of 1 ✔
[b0/873db2] process > prep_ld_files (length)                  [100%] 1 of 1 ✔
[b2/124eac] process > gcta_fine_maps (1)                      [100%] 1 of 1 ✔
[90/98f938] process > html_report_main (length - HTML REPORT) [  0%] 0 of 1
WARN: Input tuple does not match input set cardinality declared by process `html_report_main` -- offending value: [length, Analysis_Results-20211219/Mapping/Processed/QTL_peaks.tsv, /projects/b1042/AndersenLab/work/shriram/d6/1312c095e7c342c28fb9c6dfeb3832/pr_length.tsv, /projects/b1042/AndersenLab/work/shriram/d6/1312c095e7c342c28fb9c6dfeb3832/strain_issues.txt, /projects/b1042/AndersenLab/work/shriram/8f/153252e4a527319d488ee39b3efcae/total_independent_tests.txt, /projects/b1042/AndersenLab/work/shriram/d6/2bb989354b3eecec20f03a6da617d0/Genotype_Matrix.tsv, /home/bsy6241/.nextflow/assets/andersenlab/nemascan/bin/NemaScan_Report_main.Rmd, /home/bsy6241/.nextflow/assets/andersenlab/nemascan/bin/NemaScan_Report_region_template.Rmd, /home/bsy6241/.nextflow/assets/andersenlab/nemascan/bin/render_markdown.R, false, c_briggsae, c_briggsae, c_briggsae, c_briggsae, c_briggsae, /projects/b1042/AndersenLab/work/shriram/2f/335a0f45b5156da0aa29e79e3907c5/processed_length_AGGREGATE_mapping.tsv, /projects/b1042/AndersenLab/work/shriram/b2/124eac219f9c09deea7e57c928c7e4/length.I.14312709.15147409.finemap_inbred.fastGWA, /projects/b1042/AndersenLab/work/shriram/b2/124eac219f9c09deea7e57c928c7e4/length.I.14312709.15147409.prLD_df.tsv, /projects/b1042/AndersenLab/work/shriram/b2/124eac219f9c09deea7e57c928c7e4/length_I_14312709-15147409_bcsq_genes.tsv, /projects/b1042/AndersenLab/work/shriram/b0/873db2f94923e3c79efc0a544c1f15/length.I:14312709-15147409.ROI_Genotype_Matrix.tsv, /projects/b1042/AndersenLab/work/shriram/b0/873db2f94923e3c79efc0a544c1f15/length.I.14312709.15147409.LD.tsv]

executor >  slurm (19)
[d6/1312c0] process > fix_strain_names_bulk (BULK TRAIT)      [100%] 1 of 1 ✔
[d6/2bb989] process > vcf_to_geno_matrix (1)                  [100%] 1 of 1 ✔
[ab/f42662] process > chrom_eigen_variants (X)                [100%] 6 of 6 ✔
[8f/153252] process > collect_eigen_variants                  [100%] 1 of 1 ✔
[b6/a87fe5] process > prepare_gcta_files (1)                  [100%] 1 of 1 ✔
[ea/37c364] process > gcta_grm (1)                            [100%] 1 of 1 ✔
[ae/c4bac5] process > gcta_lmm_exact_mapping (1)              [100%] 1 of 1 ✔
[2f/335a0f] process > gcta_intervals_maps (1)                 [100%] 1 of 1 ✔
[b4/2d523b] process > generate_plots (1)                      [100%] 1 of 1 ✔
[ac/9e0438] process > LD_between_regions (1)                  [100%] 1 of 1 ✔
[31/b9a969] process > summarize_mapping (1)                   [100%] 1 of 1 ✔
[b0/873db2] process > prep_ld_files (length)                  [100%] 1 of 1 ✔
[b2/124eac] process > gcta_fine_maps (1)                      [100%] 1 of 1 ✔
[90/98f938] process > html_report_main (length - HTML REPORT) [100%] 1 of 1 ✔

    Pipeline execution summary
    ---------------------------
    Completed at: 2021-12-19T11:15:47.076690-06:00
    Duration    : 24m 55s
    Success     : true
    workDir     : /projects/b1042/AndersenLab/work/shriram
    exit status : 0
    Error report: -
    Git info: https://github.com/andersenlab/nemascan - null [27752db7b565ec2e14fb24e2f69c9cf58fcfba51]
    { Parameters }
    ---------------------------
    Phenotype File                          = brig.tsv
    VCF                                     = 20210803
    Significance Threshold                  = BF
    P3D                                     = TRUE
    Threshold for grouping QTL              = 1000
    Number of SNVs to define CI             = 150
    Path to R libraries.                    = /projects/b1059/software/R_lib_3.6.0
    Mapping                                 = RUN
    Simulation                              = null
    Simulate QTL effects                    = null
    Annotation                              = null
    Result Directory                        = Analysis_Results-20211219
    


executor >  slurm (19)
[d6/1312c0] process > fix_strain_names_bulk (BULK TRAIT)      [100%] 1 of 1 ✔
[d6/2bb989] process > vcf_to_geno_matrix (1)                  [100%] 1 of 1 ✔
[ab/f42662] process > chrom_eigen_variants (X)                [100%] 6 of 6 ✔
[8f/153252] process > collect_eigen_variants                  [100%] 1 of 1 ✔
[b6/a87fe5] process > prepare_gcta_files (1)                  [100%] 1 of 1 ✔
[ea/37c364] process > gcta_grm (1)                            [100%] 1 of 1 ✔
[ae/c4bac5] process > gcta_lmm_exact_mapping (1)              [100%] 1 of 1 ✔
[2f/335a0f] process > gcta_intervals_maps (1)                 [100%] 1 of 1 ✔
[b4/2d523b] process > generate_plots (1)                      [100%] 1 of 1 ✔
[ac/9e0438] process > LD_between_regions (1)                  [100%] 1 of 1 ✔
[31/b9a969] process > summarize_mapping (1)                   [100%] 1 of 1 ✔
[b0/873db2] process > prep_ld_files (length)                  [100%] 1 of 1 ✔
[b2/124eac] process > gcta_fine_maps (1)                      [100%] 1 of 1 ✔
[90/98f938] process > html_report_main (length - HTML REPORT) [100%] 1 of 1 ✔

    Pipeline execution summary
    ---------------------------
    Completed at: 2021-12-19T11:15:47.076690-06:00
    Duration    : 24m 55s
    Success     : true
    workDir     : /projects/b1042/AndersenLab/work/shriram
    exit status : 0
    Error report: -
    Git info: https://github.com/andersenlab/nemascan - null [27752db7b565ec2e14fb24e2f69c9cf58fcfba51]
    { Parameters }
    ---------------------------
    Phenotype File                          = brig.tsv
    VCF                                     = 20210803
    Significance Threshold                  = BF
    P3D                                     = TRUE
    Threshold for grouping QTL              = 1000
    Number of SNVs to define CI             = 150
    Path to R libraries.                    = /projects/b1059/software/R_lib_3.6.0
    Mapping                                 = RUN
    Simulation                              = null
    Simulate QTL effects                    = null
    Annotation                              = null
    Result Directory                        = Analysis_Results-20211219
    

Completed at: 19-Dec-2021 11:15:48
Duration    : 24m 56s
CPU hours   : 4.2
Succeeded   : 19


